mode: set
github.com/ablarry/golang-bootcamp-2020/pkg/repo/repo.go:33.64,36.16 3 1
github.com/ablarry/golang-bootcamp-2020/pkg/repo/repo.go:39.2,39.15 1 1
github.com/ablarry/golang-bootcamp-2020/pkg/repo/repo.go:36.16,38.3 1 0
github.com/ablarry/golang-bootcamp-2020/pkg/repo/repo.go:43.76,46.16 3 1
github.com/ablarry/golang-bootcamp-2020/pkg/repo/repo.go:49.2,49.15 1 1
github.com/ablarry/golang-bootcamp-2020/pkg/repo/repo.go:46.16,48.3 1 0
github.com/ablarry/golang-bootcamp-2020/pkg/repo/repo.go:53.71,55.16 2 1
github.com/ablarry/golang-bootcamp-2020/pkg/repo/repo.go:58.2,61.16 4 1
github.com/ablarry/golang-bootcamp-2020/pkg/repo/repo.go:64.2,65.15 2 1
github.com/ablarry/golang-bootcamp-2020/pkg/repo/repo.go:55.16,57.3 1 0
github.com/ablarry/golang-bootcamp-2020/pkg/repo/repo.go:61.16,63.3 1 0
github.com/ablarry/golang-bootcamp-2020/pkg/repo/repo.go:69.54,71.16 2 0
github.com/ablarry/golang-bootcamp-2020/pkg/repo/repo.go:74.2,75.16 2 0
github.com/ablarry/golang-bootcamp-2020/pkg/repo/repo.go:78.2,78.19 1 0
github.com/ablarry/golang-bootcamp-2020/pkg/repo/repo.go:71.16,73.3 1 0
github.com/ablarry/golang-bootcamp-2020/pkg/repo/repo.go:75.16,77.3 1 0
github.com/ablarry/golang-bootcamp-2020/pkg/repo/mockrepo.go:25.53,29.2 3 0
github.com/ablarry/golang-bootcamp-2020/pkg/repo/mockrepo.go:32.51,34.2 1 0
github.com/ablarry/golang-bootcamp-2020/pkg/repo/mockrepo.go:37.62,43.2 5 0
github.com/ablarry/golang-bootcamp-2020/pkg/repo/mockrepo.go:46.70,49.2 2 0
github.com/ablarry/golang-bootcamp-2020/pkg/repo/mockrepo.go:52.75,58.2 5 0
github.com/ablarry/golang-bootcamp-2020/pkg/repo/mockrepo.go:61.81,64.2 2 0
github.com/ablarry/golang-bootcamp-2020/pkg/repo/mockrepo.go:67.69,73.2 5 0
github.com/ablarry/golang-bootcamp-2020/pkg/repo/mockrepo.go:76.68,79.2 2 0
github.com/ablarry/golang-bootcamp-2020/pkg/repo/mockrepo.go:82.52,88.2 5 0
github.com/ablarry/golang-bootcamp-2020/pkg/repo/mockrepo.go:91.69,94.2 2 0
github.com/ablarry/golang-bootcamp-2020/pkg/utils/binder/json.go:16.56,18.44 2 1
github.com/ablarry/golang-bootcamp-2020/pkg/utils/binder/json.go:21.2,21.32 1 1
github.com/ablarry/golang-bootcamp-2020/pkg/utils/binder/json.go:18.44,20.3 1 0
github.com/ablarry/golang-bootcamp-2020/pkg/utils/render/json.go:14.53,15.40 1 1
github.com/ablarry/golang-bootcamp-2020/pkg/utils/render/json.go:18.2,18.8 1 1
github.com/ablarry/golang-bootcamp-2020/pkg/utils/render/json.go:15.40,16.13 1 0
github.com/ablarry/golang-bootcamp-2020/pkg/utils/render/json.go:22.48,24.16 2 1
github.com/ablarry/golang-bootcamp-2020/pkg/utils/render/json.go:27.2,28.12 2 1
github.com/ablarry/golang-bootcamp-2020/pkg/utils/render/json.go:24.16,26.3 1 0
github.com/ablarry/golang-bootcamp-2020/pkg/service/service.go:22.66,24.16 2 1
github.com/ablarry/golang-bootcamp-2020/pkg/service/service.go:27.2,27.15 1 1
github.com/ablarry/golang-bootcamp-2020/pkg/service/service.go:24.16,26.3 1 1
github.com/ablarry/golang-bootcamp-2020/pkg/service/service.go:31.82,33.16 2 1
github.com/ablarry/golang-bootcamp-2020/pkg/service/service.go:36.2,36.15 1 1
github.com/ablarry/golang-bootcamp-2020/pkg/service/service.go:33.16,35.3 1 1
github.com/ablarry/golang-bootcamp-2020/pkg/service/service.go:40.74,42.16 2 1
github.com/ablarry/golang-bootcamp-2020/pkg/service/service.go:45.2,45.16 1 1
github.com/ablarry/golang-bootcamp-2020/pkg/service/service.go:42.16,44.3 1 1
github.com/ablarry/golang-bootcamp-2020/pkg/service/service.go:49.57,51.16 2 1
github.com/ablarry/golang-bootcamp-2020/pkg/service/service.go:54.2,54.18 1 1
github.com/ablarry/golang-bootcamp-2020/pkg/service/service.go:51.16,53.3 1 1
github.com/ablarry/golang-bootcamp-2020/pkg/service/handler.go:11.31,12.16 1 1
github.com/ablarry/golang-bootcamp-2020/pkg/service/handler.go:24.2,24.12 1 0
github.com/ablarry/golang-bootcamp-2020/pkg/service/handler.go:12.16,13.27 1 1
github.com/ablarry/golang-bootcamp-2020/pkg/service/handler.go:16.3,17.9 2 1
github.com/ablarry/golang-bootcamp-2020/pkg/service/handler.go:22.3,22.13 1 1
github.com/ablarry/golang-bootcamp-2020/pkg/service/handler.go:13.27,15.4 1 1
github.com/ablarry/golang-bootcamp-2020/pkg/service/handler.go:17.9,18.29 1 0
github.com/ablarry/golang-bootcamp-2020/pkg/service/handler.go:18.29,20.5 1 0
github.com/ablarry/golang-bootcamp-2020/pkg/service/mockservice.go:25.59,29.2 3 0
github.com/ablarry/golang-bootcamp-2020/pkg/service/mockservice.go:32.57,34.2 1 0
github.com/ablarry/golang-bootcamp-2020/pkg/service/mockservice.go:37.64,43.2 5 0
github.com/ablarry/golang-bootcamp-2020/pkg/service/mockservice.go:46.72,49.2 2 0
github.com/ablarry/golang-bootcamp-2020/pkg/service/mockservice.go:52.80,58.2 5 0
github.com/ablarry/golang-bootcamp-2020/pkg/service/mockservice.go:61.86,64.2 2 0
github.com/ablarry/golang-bootcamp-2020/pkg/service/mockservice.go:67.75,73.2 5 0
github.com/ablarry/golang-bootcamp-2020/pkg/service/mockservice.go:76.74,79.2 2 0
github.com/ablarry/golang-bootcamp-2020/pkg/service/mockservice.go:82.55,88.2 5 0
github.com/ablarry/golang-bootcamp-2020/pkg/service/mockservice.go:91.72,94.2 2 0
github.com/ablarry/golang-bootcamp-2020/pkg/utils/validator/validator.go:13.36,17.16 2 1
github.com/ablarry/golang-bootcamp-2020/pkg/utils/validator/validator.go:28.2,28.12 1 1
github.com/ablarry/golang-bootcamp-2020/pkg/utils/validator/validator.go:17.16,22.59 1 1
github.com/ablarry/golang-bootcamp-2020/pkg/utils/validator/validator.go:26.3,26.13 1 1
github.com/ablarry/golang-bootcamp-2020/pkg/utils/validator/validator.go:22.59,24.4 1 0
github.com/ablarry/golang-bootcamp-2020/pkg/controller/controller.go:18.66,21.51 3 1
github.com/ablarry/golang-bootcamp-2020/pkg/controller/controller.go:25.2,26.16 2 1
github.com/ablarry/golang-bootcamp-2020/pkg/controller/controller.go:30.2,30.33 1 1
github.com/ablarry/golang-bootcamp-2020/pkg/controller/controller.go:21.51,24.3 2 1
github.com/ablarry/golang-bootcamp-2020/pkg/controller/controller.go:26.16,29.3 2 0
github.com/ablarry/golang-bootcamp-2020/pkg/controller/controller.go:35.65,38.50 3 1
github.com/ablarry/golang-bootcamp-2020/pkg/controller/controller.go:42.2,43.16 2 1
github.com/ablarry/golang-bootcamp-2020/pkg/controller/controller.go:47.2,47.33 1 1
github.com/ablarry/golang-bootcamp-2020/pkg/controller/controller.go:38.50,41.3 2 1
github.com/ablarry/golang-bootcamp-2020/pkg/controller/controller.go:43.16,46.3 2 1
github.com/ablarry/golang-bootcamp-2020/pkg/controller/controller.go:51.65,55.16 4 1
github.com/ablarry/golang-bootcamp-2020/pkg/controller/controller.go:59.2,60.16 2 1
github.com/ablarry/golang-bootcamp-2020/pkg/controller/controller.go:64.2,64.38 1 1
github.com/ablarry/golang-bootcamp-2020/pkg/controller/controller.go:55.16,58.3 2 1
github.com/ablarry/golang-bootcamp-2020/pkg/controller/controller.go:60.16,63.3 2 1
github.com/ablarry/golang-bootcamp-2020/pkg/controller/controller.go:68.65,71.50 3 1
github.com/ablarry/golang-bootcamp-2020/pkg/controller/controller.go:75.2,76.16 2 1
github.com/ablarry/golang-bootcamp-2020/pkg/controller/controller.go:80.2,80.15 1 1
github.com/ablarry/golang-bootcamp-2020/pkg/controller/controller.go:84.2,84.34 1 1
github.com/ablarry/golang-bootcamp-2020/pkg/controller/controller.go:71.50,74.3 2 1
github.com/ablarry/golang-bootcamp-2020/pkg/controller/controller.go:76.16,79.3 2 0
github.com/ablarry/golang-bootcamp-2020/pkg/controller/controller.go:80.15,83.3 2 1
github.com/ablarry/golang-bootcamp-2020/pkg/utils/rest/decoder.go:15.54,20.32 4 1
github.com/ablarry/golang-bootcamp-2020/pkg/utils/rest/decoder.go:23.2,23.45 1 1
github.com/ablarry/golang-bootcamp-2020/pkg/utils/rest/decoder.go:27.2,27.46 1 1
github.com/ablarry/golang-bootcamp-2020/pkg/utils/rest/decoder.go:31.2,31.12 1 1
github.com/ablarry/golang-bootcamp-2020/pkg/utils/rest/decoder.go:20.32,22.3 1 1
github.com/ablarry/golang-bootcamp-2020/pkg/utils/rest/decoder.go:23.45,25.3 1 0
github.com/ablarry/golang-bootcamp-2020/pkg/utils/rest/decoder.go:27.46,30.3 1 0
github.com/ablarry/golang-bootcamp-2020/pkg/utils/rest/rest.go:13.61,16.14 3 0
github.com/ablarry/golang-bootcamp-2020/pkg/utils/rest/rest.go:16.14,17.64 1 0
github.com/ablarry/golang-bootcamp-2020/pkg/utils/rest/rest.go:17.64,18.14 1 0
github.com/ablarry/golang-bootcamp-2020/pkg/utils/rest/rest.go:24.53,27.2 2 0
github.com/ablarry/golang-bootcamp-2020/pkg/utils/rest/rest.go:30.33,37.2 2 0
github.com/ablarry/golang-bootcamp-2020/pkg/utils/rest/rest.go:40.67,47.8 3 0
github.com/ablarry/golang-bootcamp-2020/pkg/utils/rest/rest.go:50.2,51.9 2 0
github.com/ablarry/golang-bootcamp-2020/pkg/utils/rest/rest.go:54.2,55.44 2 0
github.com/ablarry/golang-bootcamp-2020/pkg/utils/rest/rest.go:47.8,49.3 1 0
github.com/ablarry/golang-bootcamp-2020/pkg/utils/rest/rest.go:51.9,53.3 1 0
github.com/ablarry/golang-bootcamp-2020/pkg/utils/rest/rest.go:55.44,58.3 2 0
github.com/ablarry/golang-bootcamp-2020/pkg/utils/rest/rest.go:62.48,65.8 3 0
github.com/ablarry/golang-bootcamp-2020/pkg/utils/rest/rest.go:70.2,71.9 2 0
github.com/ablarry/golang-bootcamp-2020/pkg/utils/rest/rest.go:74.2,76.44 3 0
github.com/ablarry/golang-bootcamp-2020/pkg/utils/rest/rest.go:65.8,67.3 1 0
github.com/ablarry/golang-bootcamp-2020/pkg/utils/rest/rest.go:67.8,69.3 1 0
github.com/ablarry/golang-bootcamp-2020/pkg/utils/rest/rest.go:71.9,73.3 1 0
github.com/ablarry/golang-bootcamp-2020/pkg/utils/rest/rest.go:76.44,79.3 2 0
